# JRE version: Java(TM) SE Runtime Environment (8.0_66-b17) (build 1.8.0_66-b17)
# Java VM: Java HotSpot(TM) 64-Bit Server VM (25.66-b17 mixed mode bsd-amd64 compressed oops)
Heap:
 PSYoungGen      total 10752K, used 180K [0x0000000795580000, 0x0000000796300000, 0x00000007c0000000)
  eden space 8704K, 2% used [0x0000000795580000,0x00000007955ad190,0x0000000795e00000)
  from space 2048K, 0% used [0x0000000796100000,0x0000000796100000,0x0000000796300000)
  to   space 2560K, 0% used [0x0000000795e00000,0x0000000795e00000,0x0000000796080000)
 ParOldGen       total 16384K, used 6306K [0x0000000740000000, 0x0000000741000000, 0x0000000795580000)
  object space 16384K, 38% used [0x0000000740000000,0x0000000740628a10,0x0000000741000000)
 Metaspace       used 16753K, capacity 17016K, committed 17280K, reserved 1064960K
  class space    used 2019K, capacity 2124K, committed 2176K, reserved 1048576K
GC Heap History (10 events):
Event: 11884.037 GC heap before
{Heap before GC invocations=117 (full 61):
 PSYoungGen      total 11776K, used 96K [0x0000000795580000, 0x0000000796400000, 0x00000007c0000000)
  eden space 8704K, 0% used [0x0000000795580000,0x0000000795580000,0x0000000795e00000)
  from space 3072K, 3% used [0x0000000796100000,0x0000000796118000,0x0000000796400000)
  to   space 3072K, 0% used [0x0000000795e00000,0x0000000795e00000,0x0000000796100000)
 ParOldGen       total 16384K, used 10639K [0x0000000740000000, 0x0000000741000000, 0x0000000795580000)
  object space 16384K, 64% used [0x0000000740000000,0x0000000740a63e68,0x0000000741000000)
 Metaspace       used 16748K, capacity 17018K, committed 17280K, reserved 1064960K
  class space    used 2019K, capacity 2123K, committed 2176K, reserved 1048576K
Event: 11884.056 GC heap after
Heap after GC invocations=117 (full 61):
 PSYoungGen      total 11776K, used 0K [0x0000000795580000, 0x0000000796400000, 0x00000007c0000000)
  eden space 8704K, 0% used [0x0000000795580000,0x0000000795580000,0x0000000795e00000)
  from space 3072K, 0% used [0x0000000796100000,0x0000000796100000,0x0000000796400000)
  to   space 3072K, 0% used [0x0000000795e00000,0x0000000795e00000,0x0000000796100000)
 ParOldGen       total 16384K, used 10650K [0x0000000740000000, 0x0000000741000000, 0x0000000795580000)
  object space 16384K, 65% used [0x0000000740000000,0x0000000740a66880,0x0000000741000000)
 Metaspace       used 16748K, capacity 17018K, committed 17280K, reserved 1064960K
  class space    used 2019K, capacity 2123K, committed 2176K, reserved 1048576K
}
Event: 11964.454 GC heap before
{Heap before GC invocations=118 (full 61):
 PSYoungGen      total 11776K, used 426K [0x0000000795580000, 0x0000000796400000, 0x00000007c0000000)
  eden space 8704K, 4% used [0x0000000795580000,0x00000007955ea9c8,0x0000000795e00000)
  from space 3072K, 0% used [0x0000000796100000,0x0000000796100000,0x0000000796400000)
  to   space 3072K, 0% used [0x0000000795e00000,0x0000000795e00000,0x0000000796100000)
 ParOldGen       total 16384K, used 10650K [0x0000000740000000, 0x0000000741000000, 0x0000000795580000)
  object space 16384K, 65% used [0x0000000740000000,0x0000000740a66880,0x0000000741000000)
 Metaspace       used 16748K, capacity 17018K, committed 17280K, reserved 1064960K
  class space    used 2019K, capacity 2123K, committed 2176K, reserved 1048576K
Event: 11964.455 GC heap after
Heap after GC invocations=118 (full 61):
 PSYoungGen      total 11776K, used 96K [0x0000000795580000, 0x0000000796400000, 0x00000007c0000000)
  eden space 8704K, 0% used [0x0000000795580000,0x0000000795580000,0x0000000795e00000)
  from space 3072K, 3% used [0x0000000795e00000,0x0000000795e18000,0x0000000796100000)
  to   space 3072K, 0% used [0x0000000796100000,0x0000000796100000,0x0000000796400000)
 ParOldGen       total 16384K, used 10650K [0x0000000740000000, 0x0000000741000000, 0x0000000795580000)
  object space 16384K, 65% used [0x0000000740000000,0x0000000740a66880,0x0000000741000000)
 Metaspace       used 16748K, capacity 17018K, committed 17280K, reserved 1064960K
  class space    used 2019K, capacity 2123K, committed 2176K, reserved 1048576K
}
Event: 11964.455 GC heap before
{Heap before GC invocations=119 (full 62):
 PSYoungGen      total 11776K, used 96K [0x0000000795580000, 0x0000000796400000, 0x00000007c0000000)
  eden space 8704K, 0% used [0x0000000795580000,0x0000000795580000,0x0000000795e00000)
  from space 3072K, 3% used [0x0000000795e00000,0x0000000795e18000,0x0000000796100000)
  to   space 3072K, 0% used [0x0000000796100000,0x0000000796100000,0x0000000796400000)
 ParOldGen       total 16384K, used 10650K [0x0000000740000000, 0x0000000741000000, 0x0000000795580000)
  object space 16384K, 65% used [0x0000000740000000,0x0000000740a66880,0x0000000741000000)
 Metaspace       used 16748K, capacity 17018K, committed 17280K, reserved 1064960K
  class space    used 2019K, capacity 2123K, committed 2176K, reserved 1048576K
Event: 11964.475 GC heap after
Heap after GC invocations=119 (full 62):
 PSYoungGen      total 11776K, used 0K [0x0000000795580000, 0x0000000796400000, 0x00000007c0000000)
  eden space 8704K, 0% used [0x0000000795580000,0x0000000795580000,0x0000000795e00000)
  from space 3072K, 0% used [0x0000000795e00000,0x0000000795e00000,0x0000000796100000)
  to   space 3072K, 0% used [0x0000000796100000,0x0000000796100000,0x0000000796400000)
 ParOldGen       total 16384K, used 10660K [0x0000000740000000, 0x0000000741000000, 0x0000000795580000)
  object space 16384K, 65% used [0x0000000740000000,0x0000000740a69200,0x0000000741000000)
 Metaspace       used 16748K, capacity 17018K, committed 17280K, reserved 1064960K
  class space    used 2019K, capacity 2123K, committed 2176K, reserved 1048576K
}
Event: 73493.756 GC heap before
{Heap before GC invocations=120 (full 62):
 PSYoungGen      total 11776K, used 1604K [0x0000000795580000, 0x0000000796400000, 0x00000007c0000000)
  eden space 8704K, 18% used [0x0000000795580000,0x00000007957111d8,0x0000000795e00000)
  from space 3072K, 0% used [0x0000000795e00000,0x0000000795e00000,0x0000000796100000)
  to   space 3072K, 0% used [0x0000000796100000,0x0000000796100000,0x0000000796400000)
 ParOldGen       total 16384K, used 10660K [0x0000000740000000, 0x0000000741000000, 0x0000000795580000)
  object space 16384K, 65% used [0x0000000740000000,0x0000000740a69200,0x0000000741000000)
 Metaspace       used 16756K, capacity 17028K, committed 17280K, reserved 1064960K
  class space    used 2020K, capacity 2126K, committed 2176K, reserved 1048576K
Event: 73493.761 GC heap after
Heap after GC invocations=120 (full 62):
 PSYoungGen      total 10752K, used 160K [0x0000000795580000, 0x0000000796300000, 0x00000007c0000000)
  eden space 8704K, 0% used [0x0000000795580000,0x0000000795580000,0x0000000795e00000)
  from space 2048K, 7% used [0x0000000796100000,0x0000000796128000,0x0000000796300000)
  to   space 2560K, 0% used [0x0000000795e00000,0x0000000795e00000,0x0000000796080000)
 ParOldGen       total 16384K, used 10660K [0x0000000740000000, 0x0000000741000000, 0x0000000795580000)
  object space 16384K, 65% used [0x0000000740000000,0x0000000740a69200,0x0000000741000000)
 Metaspace       used 16756K, capacity 17028K, committed 17280K, reserved 1064960K
  class space    used 2020K, capacity 2126K, committed 2176K, reserved 1048576K
}
Event: 73493.761 GC heap before
{Heap before GC invocations=121 (full 63):
 PSYoungGen      total 10752K, used 160K [0x0000000795580000, 0x0000000796300000, 0x00000007c0000000)
  eden space 8704K, 0% used [0x0000000795580000,0x0000000795580000,0x0000000795e00000)
  from space 2048K, 7% used [0x0000000796100000,0x0000000796128000,0x0000000796300000)
  to   space 2560K, 0% used [0x0000000795e00000,0x0000000795e00000,0x0000000796080000)
 ParOldGen       total 16384K, used 10660K [0x0000000740000000, 0x0000000741000000, 0x0000000795580000)
  object space 16384K, 65% used [0x0000000740000000,0x0000000740a69200,0x0000000741000000)
 Metaspace       used 16756K, capacity 17028K, committed 17280K, reserved 1064960K
  class space    used 2020K, capacity 2126K, committed 2176K, reserved 1048576K
Event: 73493.817 GC heap after
Heap after GC invocations=121 (full 63):
 PSYoungGen      total 10752K, used 0K [0x0000000795580000, 0x0000000796300000, 0x00000007c0000000)
  eden space 8704K, 0% used [0x0000000795580000,0x0000000795580000,0x0000000795e00000)
  from space 2048K, 0% used [0x0000000796100000,0x0000000796100000,0x0000000796300000)
  to   space 2560K, 0% used [0x0000000795e00000,0x0000000795e00000,0x0000000796080000)
 ParOldGen       total 16384K, used 6306K [0x0000000740000000, 0x0000000741000000, 0x0000000795580000)
  object space 16384K, 38% used [0x0000000740000000,0x0000000740628a10,0x0000000741000000)
 Metaspace       used 16748K, capacity 17016K, committed 17280K, reserved 1064960K
  class space    used 2019K, capacity 2124K, committed 2176K, reserved 1048576K
}

