# JRE version: Java(TM) SE Runtime Environment (8.0_66-b17) (build 1.8.0_66-b17)
# Java VM: Java HotSpot(TM) 64-Bit Server VM (25.66-b17 mixed mode bsd-amd64 compressed oops)
Heap:
 PSYoungGen      total 8704K, used 103K [0x0000000795580000, 0x0000000796180000, 0x00000007c0000000)
  eden space 5120K, 2% used [0x0000000795580000,0x0000000795599e78,0x0000000795a80000)
  from space 3584K, 0% used [0x0000000795e00000,0x0000000795e00000,0x0000000796180000)
  to   space 3584K, 0% used [0x0000000795a80000,0x0000000795a80000,0x0000000795e00000)
 ParOldGen       total 16896K, used 6444K [0x0000000740000000, 0x0000000741080000, 0x0000000795580000)
  object space 16896K, 38% used [0x0000000740000000,0x000000074064b150,0x0000000741080000)
 Metaspace       used 16369K, capacity 16604K, committed 16768K, reserved 1064960K
  class space    used 1990K, capacity 2090K, committed 2176K, reserved 1048576K
GC Heap History (10 events):
Event: 3044.719 GC heap before
{Heap before GC invocations=161 (full 23):
 PSYoungGen      total 8704K, used 523K [0x0000000795580000, 0x0000000796280000, 0x00000007c0000000)
  eden space 4608K, 11% used [0x0000000795580000,0x0000000795602fe0,0x0000000795a00000)
  from space 4096K, 0% used [0x0000000795a00000,0x0000000795a00000,0x0000000795e00000)
  to   space 4096K, 0% used [0x0000000795e80000,0x0000000795e80000,0x0000000796280000)
 ParOldGen       total 16896K, used 10510K [0x0000000740000000, 0x0000000741080000, 0x0000000795580000)
  object space 16896K, 62% used [0x0000000740000000,0x0000000740a43a30,0x0000000741080000)
 Metaspace       used 16356K, capacity 16604K, committed 16768K, reserved 1064960K
  class space    used 1990K, capacity 2090K, committed 2176K, reserved 1048576K
Event: 3044.720 GC heap after
Heap after GC invocations=161 (full 23):
 PSYoungGen      total 9216K, used 172K [0x0000000795580000, 0x0000000796280000, 0x00000007c0000000)
  eden space 5120K, 0% used [0x0000000795580000,0x0000000795580000,0x0000000795a80000)
  from space 4096K, 4% used [0x0000000795e80000,0x0000000795eab328,0x0000000796280000)
  to   space 4096K, 0% used [0x0000000795a80000,0x0000000795a80000,0x0000000795e80000)
 ParOldGen       total 16896K, used 10510K [0x0000000740000000, 0x0000000741080000, 0x0000000795580000)
  object space 16896K, 62% used [0x0000000740000000,0x0000000740a43a30,0x0000000741080000)
 Metaspace       used 16356K, capacity 16604K, committed 16768K, reserved 1064960K
  class space    used 1990K, capacity 2090K, committed 2176K, reserved 1048576K
}
Event: 3044.720 GC heap before
{Heap before GC invocations=162 (full 24):
 PSYoungGen      total 9216K, used 172K [0x0000000795580000, 0x0000000796280000, 0x00000007c0000000)
  eden space 5120K, 0% used [0x0000000795580000,0x0000000795580000,0x0000000795a80000)
  from space 4096K, 4% used [0x0000000795e80000,0x0000000795eab328,0x0000000796280000)
  to   space 4096K, 0% used [0x0000000795a80000,0x0000000795a80000,0x0000000795e80000)
 ParOldGen       total 16896K, used 10510K [0x0000000740000000, 0x0000000741080000, 0x0000000795580000)
  object space 16896K, 62% used [0x0000000740000000,0x0000000740a43a30,0x0000000741080000)
 Metaspace       used 16356K, capacity 16604K, committed 16768K, reserved 1064960K
  class space    used 1990K, capacity 2090K, committed 2176K, reserved 1048576K
Event: 3044.739 GC heap after
Heap after GC invocations=162 (full 24):
 PSYoungGen      total 9216K, used 0K [0x0000000795580000, 0x0000000796280000, 0x00000007c0000000)
  eden space 5120K, 0% used [0x0000000795580000,0x0000000795580000,0x0000000795a80000)
  from space 4096K, 0% used [0x0000000795e80000,0x0000000795e80000,0x0000000796280000)
  to   space 4096K, 0% used [0x0000000795a80000,0x0000000795a80000,0x0000000795e80000)
 ParOldGen       total 16896K, used 10540K [0x0000000740000000, 0x0000000741080000, 0x0000000795580000)
  object space 16896K, 62% used [0x0000000740000000,0x0000000740a4b1c8,0x0000000741080000)
 Metaspace       used 16356K, capacity 16604K, committed 16768K, reserved 1064960K
  class space    used 1990K, capacity 2090K, committed 2176K, reserved 1048576K
}
Event: 5864.843 GC heap before
{Heap before GC invocations=163 (full 24):
 PSYoungGen      total 9216K, used 5120K [0x0000000795580000, 0x0000000796280000, 0x00000007c0000000)
  eden space 5120K, 100% used [0x0000000795580000,0x0000000795a80000,0x0000000795a80000)
  from space 4096K, 0% used [0x0000000795e80000,0x0000000795e80000,0x0000000796280000)
  to   space 4096K, 0% used [0x0000000795a80000,0x0000000795a80000,0x0000000795e80000)
 ParOldGen       total 16896K, used 10540K [0x0000000740000000, 0x0000000741080000, 0x0000000795580000)
  object space 16896K, 62% used [0x0000000740000000,0x0000000740a4b1c8,0x0000000741080000)
 Metaspace       used 16363K, capacity 16604K, committed 16768K, reserved 1064960K
  class space    used 1990K, capacity 2090K, committed 2176K, reserved 1048576K
Event: 5864.844 GC heap after
Heap after GC invocations=163 (full 24):
 PSYoungGen      total 6656K, used 1349K [0x0000000795580000, 0x0000000796180000, 0x00000007c0000000)
  eden space 5120K, 0% used [0x0000000795580000,0x0000000795580000,0x0000000795a80000)
  from space 1536K, 87% used [0x0000000795a80000,0x0000000795bd15e0,0x0000000795c00000)
  to   space 3584K, 0% used [0x0000000795e00000,0x0000000795e00000,0x0000000796180000)
 ParOldGen       total 16896K, used 10540K [0x0000000740000000, 0x0000000741080000, 0x0000000795580000)
  object space 16896K, 62% used [0x0000000740000000,0x0000000740a4b1c8,0x0000000741080000)
 Metaspace       used 16363K, capacity 16604K, committed 16768K, reserved 1064960K
  class space    used 1990K, capacity 2090K, committed 2176K, reserved 1048576K
}
Event: 5879.156 GC heap before
{Heap before GC invocations=164 (full 24):
 PSYoungGen      total 6656K, used 2415K [0x0000000795580000, 0x0000000796180000, 0x00000007c0000000)
  eden space 5120K, 20% used [0x0000000795580000,0x000000079568a9a8,0x0000000795a80000)
  from space 1536K, 87% used [0x0000000795a80000,0x0000000795bd15e0,0x0000000795c00000)
  to   space 3584K, 0% used [0x0000000795e00000,0x0000000795e00000,0x0000000796180000)
 ParOldGen       total 16896K, used 10540K [0x0000000740000000, 0x0000000741080000, 0x0000000795580000)
  object space 16896K, 62% used [0x0000000740000000,0x0000000740a4b1c8,0x0000000741080000)
 Metaspace       used 16369K, capacity 16604K, committed 16768K, reserved 1064960K
  class space    used 1990K, capacity 2090K, committed 2176K, reserved 1048576K
Event: 5879.157 GC heap after
Heap after GC invocations=164 (full 24):
 PSYoungGen      total 8704K, used 128K [0x0000000795580000, 0x0000000796180000, 0x00000007c0000000)
  eden space 5120K, 0% used [0x0000000795580000,0x0000000795580000,0x0000000795a80000)
  from space 3584K, 3% used [0x0000000795e00000,0x0000000795e20000,0x0000000796180000)
  to   space 3584K, 0% used [0x0000000795a80000,0x0000000795a80000,0x0000000795e00000)
 ParOldGen       total 16896K, used 11849K [0x0000000740000000, 0x0000000741080000, 0x0000000795580000)
  object space 16896K, 70% used [0x0000000740000000,0x0000000740b927a8,0x0000000741080000)
 Metaspace       used 16369K, capacity 16604K, committed 16768K, reserved 1064960K
  class space    used 1990K, capacity 2090K, committed 2176K, reserved 1048576K
}
Event: 5879.157 GC heap before
{Heap before GC invocations=165 (full 25):
 PSYoungGen      total 8704K, used 128K [0x0000000795580000, 0x0000000796180000, 0x00000007c0000000)
  eden space 5120K, 0% used [0x0000000795580000,0x0000000795580000,0x0000000795a80000)
  from space 3584K, 3% used [0x0000000795e00000,0x0000000795e20000,0x0000000796180000)
  to   space 3584K, 0% used [0x0000000795a80000,0x0000000795a80000,0x0000000795e00000)
 ParOldGen       total 16896K, used 11849K [0x0000000740000000, 0x0000000741080000, 0x0000000795580000)
  object space 16896K, 70% used [0x0000000740000000,0x0000000740b927a8,0x0000000741080000)
 Metaspace       used 16369K, capacity 16604K, committed 16768K, reserved 1064960K
  class space    used 1990K, capacity 2090K, committed 2176K, reserved 1048576K
Event: 5879.187 GC heap after
Heap after GC invocations=165 (full 25):
 PSYoungGen      total 8704K, used 0K [0x0000000795580000, 0x0000000796180000, 0x00000007c0000000)
  eden space 5120K, 0% used [0x0000000795580000,0x0000000795580000,0x0000000795a80000)
  from space 3584K, 0% used [0x0000000795e00000,0x0000000795e00000,0x0000000796180000)
  to   space 3584K, 0% used [0x0000000795a80000,0x0000000795a80000,0x0000000795e00000)
 ParOldGen       total 16896K, used 6444K [0x0000000740000000, 0x0000000741080000, 0x0000000795580000)
  object space 16896K, 38% used [0x0000000740000000,0x000000074064b150,0x0000000741080000)
 Metaspace       used 16369K, capacity 16604K, committed 16768K, reserved 1064960K
  class space    used 1990K, capacity 2090K, committed 2176K, reserved 1048576K
}

